app/build/outputs/mapping/proguard/seeds.txt
com.google.mlkit.vision.demo.kotlin.LivePreviewActivity: LivePreviewActivity()
com.google.mlkit.vision.demo.java.CameraXLivePreviewActivity
com.google.mlkit.vision.demo.preference.SettingsActivity
com.google.mlkit.vision.demo.java.ChooserActivity
com.google.mlkit.vision.demo.kotlin.CameraXLivePreviewActivity: CameraXLivePreviewActivity()
com.google.mlkit.vision.demo.CameraXViewModel: CameraXViewModel(android.app.Application)
com.google.mlkit.vision.demo.java.ChooserActivity: ChooserActivity()
com.google.mlkit.vision.demo.kotlin.ChooserActivity: ChooserActivity()
com.google.mlkit.vision.demo.preference.SettingsActivity$LaunchSource: com.google.mlkit.vision.demo.preference.SettingsActivity$LaunchSource valueOf(java.lang.String)
com.google.mlkit.vision.demo.preference.SettingsActivity$LaunchSource: com.google.mlkit.vision.demo.preference.SettingsActivity$LaunchSource[] values()
com.google.mlkit.vision.demo.CameraSourcePreview
com.google.mlkit.vision.demo.kotlin.StillImageActivity: StillImageActivity()
com.google.mlkit.vision.demo.java.StillImageActivity: StillImageActivity()
com.google.mlkit.vision.demo.java.LivePreviewActivity
com.google.mlkit.vision.demo.kotlin.StillImageActivity
com.google.mlkit.vision.demo.java.StillImageActivity
com.google.mlkit.vision.demo.GraphicOverlay: int getImageHeight()
com.google.mlkit.vision.demo.preference.SettingsActivity: SettingsActivity()
com.google.mlkit.vision.demo.EntryChoiceActivity: EntryChoiceActivity()
com.google.mlkit.vision.demo.GraphicOverlay: GraphicOverlay(android.content.Context,android.util.AttributeSet)
com.google.mlkit.vision.demo.CameraSourcePreview: CameraSourcePreview(android.content.Context,android.util.AttributeSet)
com.google.mlkit.vision.demo.GraphicOverlay: int getImageWidth()
com.google.mlkit.vision.demo.EntryChoiceActivity
com.google.mlkit.vision.demo.java.LivePreviewActivity: LivePreviewActivity()
com.google.mlkit.vision.demo.GraphicOverlay
com.google.mlkit.vision.demo.CameraXViewModel
com.google.mlkit.vision.demo.kotlin.LivePreviewActivity
com.google.mlkit.vision.demo.kotlin.ChooserActivity
com.google.mlkit.vision.demo.java.CameraXLivePreviewActivity: CameraXLivePreviewActivity()
com.google.mlkit.vision.demo.kotlin.CameraXLivePreviewActivity
...
com.google.android.gms.internal.mlkit_vision_label_bundled.zzabb: byte zzf
com.google.android.gms.internal.mlkit_vision_internal_vkp.zztl: com.google.android.gms.internal.mlkit_vision_internal_vkp.zztl zzg
com.google.android.gms.internal.mlkit_vision_internal_vkp.zzzy: com.google.android.gms.internal.mlkit_vision_internal_vkp.zzacz zze
com.google.android.gms.internal.mlkit_vision_label_custom.zzfg: com.google.android.gms.internal.mlkit_vision_label_custom.zzic zze
com.google.android.gms.internal.mlkit_vision_object_detection_custom.zzjh: int zzb
okhttp3.TlsVersion: okhttp3.TlsVersion[] values()
com.google.android.libraries.vision.visionkit.pipeline.zzz: com.google.android.libraries.vision.visionkit.pipeline.zzz[] values()
com.google.android.gms.internal.mlkit_vision_mediapipe.zzeg
com.google.android.gms.internal.mlkit_vision_internal_vkp.zzahv: com.google.android.gms.internal.mlkit_vision_internal_vkp.zzacz zzk
com.google.android.gms.internal.mlkit_vision_object_detection_custom.zzabh: int zzb
com.google.android.gms.internal.mlkit_vision_internal_vkp.zzxo: int zzg
com.google.android.gms.internal.mlkit_vision_internal_vkp.zzaz: boolean zzn
com.google.android.gms.internal.mlkit_vision_object_detection_bundled.zzadx: int zze
com.google.android.gms.internal.mlkit_vision_internal_vkp.zzkh: float zzp
com.google.android.gms.internal.mlkit_vision_internal_vkp.zzvq
androidx.appcompat.widget.AppCompatMultiAutoCompleteTextView: void setBackgroundResource(int)
com.google.android.gms.internal.mlkit_vision_label_bundled.zzeq: com.google.android.gms.internal.mlkit_vision_label_bundled.zzgr zzg
com.google.android.gms.internal.mlkit_vision_mediapipe.zzdu: float zzh
com.google.android.gms.internal.mlkit_vision_internal_vkp.zzajh: java.lang.String zzg
com.google.android.gms.internal.mlkit_vision_object_detection_custom.zzkv: int zzi
com.google.android.gms.internal.mlkit_vision_internal_vkp.zzair: com.google.android.gms.internal.mlkit_vision_internal_vkp.zzaid zzi
com.google.android.gms.internal.mlkit_vision_label_bundled.zzfa: com.google.android.gms.internal.mlkit_vision_label_bundled.zzfa zzh
com.google.android.gms.internal.mlkit_vision_object_detection_bundled.zzjx
com.google.android.gms.internal.mlkit_vision_object_detection_custom.zzhc: int zzb
com.google.android.gms.internal.mlkit_vision_pose_common.zzde: long zzi
com.google.android.gms.internal.mlkit_vision_internal_vkp.zzail: int zze
com.google.android.libraries.barhopper.Barcode$WiFi
com.google.android.gms.internal.mlkit_vision_object_detection_bundled.zzdr: int zze
com.google.android.gms.internal.mlkit_vision_pose_common.zzsa: com.google.android.gms.internal.mlkit_vision_pose_common.zzsa[] values()
com.google.android.gms.internal.mlkit_vision_mediapipe.zzef: com.google.android.gms.internal.mlkit_vision_mediapipe.zzef[] values()
com.google.android.gms.internal.mlkit_vision_internal_vkp.zzjp: com.google.android.gms.internal.mlkit_vision_internal_vkp.zzhy zzf
com.google.android.gms.internal.vision.zzmt: com.google.android.gms.internal.vision.zzjl zzl
com.google.android.gms.internal.mlkit_vision_label_bundled.zzzk: java.lang.String zzl
com.google.android.gms.internal.mlkit_vision_pose_common.zzrw: int zze
com.google.android.gms.common.Feature: android.os.Parcelable$Creator CREATOR
com.google.android.gms.internal.mlkit_vision_pose_common.zzde: int zzb
com.google.android.gms.internal.mlkit_vision_internal_vkp.zzuh: com.google.android.gms.internal.mlkit_vision_internal_vkp.zzuh[] values()
com.google.android.gms.internal.mlkit_vision_object_detection_bundled.zzes: com.google.android.gms.internal.mlkit_vision_object_detection_bundled.zzes zzg
com.google.android.gms.internal.mlkit_vision_internal_vkp.zzakp: com.google.android.gms.internal.mlkit_vision_internal_vkp.zzadv zzb
com.google.android.gms.internal.mlkit_vision_object_detection_custom.zzja: com.google.android.gms.internal.mlkit_vision_object_detection_custom.zzjc zze