app/build/outputs/mapping/proguard/mapping.txt
# compiler: R8
# compiler_version: 2.1.75
# min_api: 16
# pg_map_id: 1cc2136
# common_typos_disable
com.google.mlkit.vision.demo.-$$Lambda$CameraXViewModel$sBBc2dTXuCf6dj_SpKQjKKNXIRc -> com.google.mlkit.vision.demo.a:
    com.google.mlkit.vision.demo.CameraXViewModel f$0 -> b
    com.google.common.util.concurrent.ListenableFuture f$1 -> c
com.google.mlkit.vision.demo.-$$Lambda$GraphicOverlay$yBr5SAOGGutsB1HtBTmDsJ51qbk -> com.google.mlkit.vision.demo.b:
    com.google.mlkit.vision.demo.GraphicOverlay f$0 -> a
com.google.mlkit.vision.demo.-$$Lambda$ScopedExecutor$lkNgwdrb7pP5DHNgQbq5L9WrP-g -> com.google.mlkit.vision.demo.c:
    java.lang.Runnable f$1 -> c
    com.google.mlkit.vision.demo.ScopedExecutor f$0 -> b
com.google.mlkit.vision.demo.BitmapUtils -> com.google.mlkit.vision.demo.d:
    boolean areUVPlanesNV21(android.media.Image$Plane[],int,int) -> a
    android.graphics.Bitmap getBitmap(androidx.camera.core.ImageProxy) -> b
    android.graphics.Bitmap getBitmap(java.nio.ByteBuffer,com.google.mlkit.vision.demo.FrameMetadata) -> c
    android.graphics.Bitmap getBitmapFromContentUri(android.content.ContentResolver,android.net.Uri) -> d
    int getExifOrientationTag(android.content.ContentResolver,android.net.Uri) -> e
    android.graphics.Bitmap rotateBitmap(android.graphics.Bitmap,int,boolean,boolean) -> f
    void unpackPlane(android.media.Image$Plane,int,int,byte[],int,int) -> g
    java.nio.ByteBuffer yuv420ThreePlanesToNV21(android.media.Image$Plane[],int,int) -> h
com.google.mlkit.vision.demo.CameraImageGraphic -> com.google.mlkit.vision.demo.e:
    android.graphics.Bitmap bitmap -> b
    void draw(android.graphics.Canvas) -> a
com.google.mlkit.vision.demo.CameraSource -> com.google.mlkit.vision.demo.f:
    java.lang.Object processorLock -> j
    com.google.mlkit.vision.demo.GraphicOverlay graphicOverlay -> g
    java.util.IdentityHashMap bytesToByteBuffer -> l
    android.hardware.Camera camera -> b
    com.google.mlkit.vision.demo.CameraSource$FrameProcessingRunnable processingRunnable -> i
    int rotationDegrees -> d
    com.google.mlkit.vision.demo.VisionImageProcessor frameProcessor -> k
    android.app.Activity activity -> a
    int facing -> c
    com.google.android.gms.common.images.Size previewSize -> e
    android.graphics.SurfaceTexture dummySurfaceTexture -> f
    java.lang.Thread processingThread -> h
    com.google.mlkit.vision.demo.CameraSource$FrameProcessingRunnable access$100(com.google.mlkit.vision.demo.CameraSource) -> a
    java.util.IdentityHashMap access$200(com.google.mlkit.vision.demo.CameraSource) -> b
    java.lang.Object access$300(com.google.mlkit.vision.demo.CameraSource) -> c
    int access$400(com.google.mlkit.vision.demo.CameraSource) -> d
    com.google.android.gms.common.images.Size access$500(com.google.mlkit.vision.demo.CameraSource) -> e
    com.google.mlkit.vision.demo.GraphicOverlay access$600(com.google.mlkit.vision.demo.CameraSource) -> f
    com.google.mlkit.vision.demo.VisionImageProcessor access$700(com.google.mlkit.vision.demo.CameraSource) -> g
    android.hardware.Camera access$800(com.google.mlkit.vision.demo.CameraSource) -> h
com.google.mlkit.vision.demo.CameraSource$1 -> com.google.mlkit.vision.demo.f$a:
com.google.mlkit.vision.demo.CameraSource$CameraPreviewCallback -> com.google.mlkit.vision.demo.f$b:
    com.google.mlkit.vision.demo.CameraSource this$0 -> a
com.google.mlkit.vision.demo.CameraSource$FrameProcessingRunnable -> com.google.mlkit.vision.demo.f$c:
    java.lang.Object lock -> b
    java.nio.ByteBuffer pendingFrameData -> d
    com.google.mlkit.vision.demo.CameraSource this$0 -> e
    boolean active -> c
    void setActive(boolean) -> a
    void setNextFrame(byte[],android.hardware.Camera) -> b
com.google.mlkit.vision.demo.CameraSource$SizePair -> com.google.mlkit.vision.demo.f$d:
    com.google.android.gms.common.images.Size preview -> a
    com.google.android.gms.common.images.Size picture -> b
...
com.google.android.gms.internal.vision.zzcq -> c.a.a.b.e.s.y:
    com.google.android.gms.internal.vision.zzjg zza -> a
    boolean zza(int) -> d
com.google.android.gms.internal.vision.zzct -> c.a.a.b.e.s.z:
    com.google.android.gms.internal.vision.zzct[] zzg -> g
    com.google.android.gms.internal.vision.zzct zzb -> e
    com.google.android.gms.internal.vision.zzct zzc -> f
    com.google.android.gms.internal.vision.zzct zzd -> c
    com.google.android.gms.internal.vision.zzct zza -> d
    int zzf -> b
    com.google.android.gms.internal.vision.zzct zza(int) -> k
    com.google.android.gms.internal.vision.zzjg zzb() -> y
com.google.android.gms.internal.vision.zzcu -> c.a.a.b.e.s.a0:
    com.google.android.gms.internal.vision.zzjg zza -> a
    boolean zza(int) -> d
com.google.android.gms.internal.vision.zzd -> c.a.a.b.e.s.b0:
    android.os.Parcelable zza(android.os.Parcel,android.os.Parcelable$Creator) -> a
    void zza(android.os.Parcel,android.os.IInterface) -> b
    void zza(android.os.Parcel,boolean) -> c
com.google.android.gms.internal.vision.zzda -> c.a.a.b.e.s.c0:
    java.lang.String zza(java.lang.String) -> a
com.google.android.gms.internal.vision.zzde -> c.a.a.b.e.s.d0:
    java.lang.Object zza(java.lang.Object) -> a
    java.lang.Object zza(java.lang.Object,java.lang.Object) -> b
com.google.android.gms.internal.vision.zzdf -> c.a.a.b.e.s.e0:
com.google.android.gms.internal.vision.zzdg -> c.a.a.b.e.s.f0:
    java.lang.String zza(java.lang.String) -> a
com.google.android.gms.internal.vision.zzdh -> c.a.a.b.e.s.g0:
    com.google.android.gms.internal.vision.zzdf zza -> b
    java.lang.Object zzc -> d
    boolean zzb -> c
com.google.android.gms.internal.vision.zzdi -> c.a.a.b.e.s.h0:
    com.google.android.gms.internal.vision.zzdf zza(com.google.android.gms.internal.vision.zzdf) -> a
com.google.android.gms.internal.vision.zzdk -> c.a.a.b.e.s.i0:
    com.google.android.gms.internal.vision.zzdf zza -> b
    java.lang.Object zzc -> c
com.google.android.gms.internal.vision.zze -> c.a.a.b.e.s.j0:
    com.google.android.gms.internal.vision.zzf zzb -> a
    com.google.android.gms.internal.vision.zzf zza() -> a
com.google.android.gms.internal.vision.zzf -> c.a.a.b.e.s.k0:
    java.util.concurrent.ExecutorService zza(int,int) -> C
com.google.android.gms.internal.vision.zzfd -> c.a.a.b.e.s.l0:
    void zza(java.lang.Throwable) -> a
com.google.android.gms.internal.vision.zzfe -> c.a.a.b.e.s.m0:
    com.google.android.gms.internal.vision.zzfd zza -> a
    java.lang.Integer zza() -> a
    void zza(java.lang.Throwable) -> b
com.google.android.gms.internal.vision.zzfe$zza -> c.a.a.b.e.s.m0$a:
    void zza(java.lang.Throwable) -> a
com.google.android.gms.internal.vision.zzff -> c.a.a.b.e.s.n0:
    int zza -> a
com.google.android.gms.internal.vision.zzfg -> c.a.a.b.e.s.o0:
    java.util.concurrent.ConcurrentHashMap zza -> a
    java.lang.ref.ReferenceQueue zzb -> b
    java.util.List zza(java.lang.Throwable,boolean) -> a
com.google.android.gms.internal.vision.zzfh -> c.a.a.b.e.s.p0:
    com.google.android.gms.internal.vision.zzfg zza -> a
    void zza(java.lang.Throwable) -> a
com.google.android.gms.internal.vision.zzfi$zza -> c.a.a.b.e.s.q0:
    com.google.android.gms.internal.vision.zzfi$zza$zza zza() -> E
    void zza(com.google.android.gms.internal.vision.zzfi$zza,java.lang.String) -> F
    void zza(java.lang.String) -> G
    com.google.android.gms.internal.vision.zzfi$zza zzb() -> H
    void zzb(com.google.android.gms.internal.vision.zzfi$zza,java.lang.String) -> I
    void zzb(java.lang.String) -> J
    java.lang.Object zza(int,java.lang.Object,java.lang.Object) -> u
com.google.android.gms.internal.vision.zzfi$zza$zza -> c.a.a.b.e.s.q0$a:
    com.google.android.gms.internal.vision.zzfi$zza$zza zza(java.lang.String) -> w
    com.google.android.gms.internal.vision.zzfi$zza$zza zzb(java.lang.String) -> x