app/build/outputs/mapping/proguard/usage.txt
com.google.mlkit.vision.demo.kotlin.labeldetector.LabelGraphic:
    private static final float TEXT_SIZE
    private static final java.lang.String LABEL_FORMAT
com.google.mlkit.vision.demo.kotlin.textdetector.TextGraphic:
    private static final java.lang.String TAG
    private static final int TEXT_COLOR
    private static final int MARKER_COLOR
    private static final float TEXT_SIZE
    private static final float STROKE_WIDTH
com.google.mlkit.vision.demo.R
com.google.mlkit.vision.demo.java.barcodescanner.BarcodeGraphic:
    private static final int TEXT_COLOR
    private static final int MARKER_COLOR
    private static final float TEXT_SIZE
    private static final float STROKE_WIDTH
com.google.mlkit.vision.demo.kotlin.posedetector.PoseGraphic:
    private static final float DOT_RADIUS
    private static final float IN_FRAME_LIKELIHOOD_TEXT_SIZE
    private static final float STROKE_WIDTH
com.google.mlkit.vision.demo.kotlin.TaskExtKt:
    public static final com.google.android.gms.tasks.Task addOnCompleteListener(com.google.android.gms.tasks.Task,java.util.concurrent.Executor,kotlin.jvm.functions.Function1)
    public static final com.google.android.gms.tasks.Task addOnCanceledListener(com.google.android.gms.tasks.Task,java.util.concurrent.Executor,kotlin.jvm.functions.Function0)
com.google.mlkit.vision.demo.java.facedetector.FaceGraphic:
    private static final float FACE_POSITION_RADIUS
    private static final float ID_TEXT_SIZE
    private static final float ID_Y_OFFSET
    private static final float BOX_STROKE_WIDTH
    private static final int NUM_COLORS
com.google.mlkit.vision.demo.kotlin.barcodescanner.BarcodeScannerProcessor:
    private static final java.lang.String TAG
com.google.mlkit.vision.demo.BuildConfig
com.google.mlkit.vision.demo.kotlin.barcodescanner.BarcodeGraphic:
    private static final int TEXT_COLOR
    private static final int MARKER_COLOR
    private static final float TEXT_SIZE
    private static final float STROKE_WIDTH
com.google.mlkit.vision.demo.kotlin.labeldetector.LabelDetectorProcessor:
    private static final java.lang.String TAG
com.google.mlkit.vision.demo.preference.PreferenceUtils:
    private void <init>()
    private static final int POSE_DETECTOR_PERFORMANCE_MODE_FAST
com.google.mlkit.vision.demo.java.VisionProcessorBase:
    protected static final java.lang.String MANUAL_TESTING_LOG
    private static final java.lang.String TAG
com.google.mlkit.vision.demo.kotlin.textdetector.TextRecognitionProcessor:
    private static final java.lang.String TAG
com.google.mlkit.vision.demo.CameraSourcePreview:
    public void release()
    private static final java.lang.String TAG
com.google.mlkit.vision.demo.java.labeldetector.LabelDetectorProcessor:
    private static final java.lang.String TAG
com.google.mlkit.vision.demo.R$array
com.google.mlkit.vision.demo.GraphicOverlay$Graphic:
    public android.content.Context getApplicationContext()
    public boolean isImageFlipped()
com.google.mlkit.vision.demo.java.objectdetector.ObjectDetectorProcessor:
    private static final java.lang.String TAG
com.google.mlkit.vision.demo.kotlin.TaskExtKt$sam$com_google_android_gms_tasks_OnCanceledListener$0
com.google.mlkit.vision.demo.java.posedetector.PoseDetectorProcessor:
    private static final java.lang.String TAG
com.google.mlkit.vision.demo.R$dimen
com.google.mlkit.vision.demo.R$interpolator
com.google.mlkit.vision.demo.R$style
com.google.mlkit.vision.demo.java.objectdetector.ObjectGraphic:
    private static final float TEXT_SIZE
    private static final float STROKE_WIDTH
    private static final int NUM_COLORS
    private static final java.lang.String LABEL_FORMAT
com.google.mlkit.vision.demo.java.barcodescanner.BarcodeScannerProcessor:
    private static final java.lang.String TAG
com.google.mlkit.vision.demo.kotlin.posedetector.PoseDetectorProcessor:
    private static final java.lang.String TAG
...
com.google.common.collect.CompactHashSet$1
androidx.constraintlayout.widget.ConstraintLayout$LayoutParams:
    public void <init>(androidx.constraintlayout.widget.ConstraintLayout$LayoutParams)
    public androidx.constraintlayout.solver.widgets.ConstraintWidget getConstraintWidget()
    public void setWidgetDebugName(java.lang.String)
    public void reset()
    public java.lang.String getConstraintTag()
    public static final int MATCH_CONSTRAINT
    public static final int PARENT_ID
    public static final int UNSET
    public static final int HORIZONTAL
    public static final int VERTICAL
    public static final int LEFT
    public static final int RIGHT
    public static final int TOP
    public static final int BOTTOM
    public static final int BASELINE
    public static final int START
    public static final int END
    public static final int MATCH_CONSTRAINT_WRAP
    public static final int MATCH_CONSTRAINT_SPREAD
    public static final int MATCH_CONSTRAINT_PERCENT
    public static final int CHAIN_SPREAD
    public static final int CHAIN_SPREAD_INSIDE
    public static final int CHAIN_PACKED
com.google.android.gms.internal.mlkit_vision_internal_vkp.zzcw:
    static void <clinit>()
    static final synthetic int[] zza
androidx.lifecycle.ViewModelProvider:
    public void <init>(androidx.lifecycle.ViewModelStoreOwner)
    private static final java.lang.String DEFAULT_KEY
com.google.android.gms.vision.CameraSource$zzb
androidx.camera.core.R$dimen
com.google.common.util.concurrent.Service
com.google.android.gms.internal.mlkit_vision_label_custom.zzaaa:
    private void <init>()
com.google.android.gms.common.internal.zaz
androidx.loader.R$integer
androidx.core.graphics.TypefaceCompatApi26Impl:
    private static final java.lang.String TAG
    private static final java.lang.String FONT_FAMILY_CLASS
    private static final java.lang.String ADD_FONT_FROM_ASSET_MANAGER_METHOD
    private static final java.lang.String ADD_FONT_FROM_BUFFER_METHOD
    private static final java.lang.String CREATE_FROM_FAMILIES_WITH_DEFAULT_METHOD
    private static final java.lang.String FREEZE_METHOD
    private static final java.lang.String ABORT_CREATION_METHOD
    private static final int RESOLVE_BY_FONT_TABLE
androidx.core.view.DragStartHelper$2
kotlin.collections.CollectionsKt__IteratorsKt
com.google.android.gms.common.internal.Asserts
com.google.common.util.concurrent.Striped$PaddedSemaphore
com.google.android.gms.internal.mlkit_vision_pose_common.zzrk:
    private void <init>()
com.google.android.gms.vision.MultiProcessor
androidx.annotation.RequiresPermission$Write
com.google.android.gms.internal.mlkit_vision_barcode.zzsa
com.google.common.net.InternetDomainName
kotlin.coroutines.jvm.internal.BaseContinuationImpl
com.google.common.io.Resources$UrlByteSource
com.google.android.gms.internal.mlkit_vision_object_detection_custom.zzgy:
    private void <init>()
androidx.core.view.inputmethod.InputConnectionCompat$OnCommitContentListener
kotlin.sequences.TakeSequence$iterator$1
kotlin.io.FilesKt__FileTreeWalkKt
kotlin.sequences.DropSequence$iterator$1
com.google.firebase.encoders.annotations.Encodable$Ignore
com.google.common.graph.Network
androidx.cursoradapter.widget.SimpleCursorAdapter
com.google.android.gms.internal.mlkit_vision_internal_vkp.zzyw:
    private void <init>()
com.google.android.libraries.vision.visionkit.pipeline.zzeo:
    static void <clinit>()
    static final synthetic int[] zza
com.google.android.gms.flags.Flag$StringFlag
com.google.common.hash.package-info
kotlin.collections.ArrayDeque
com.google.mlkit.common.model.DownloadConditions
com.google.android.datatransport.runtime.scheduling.jobscheduling.JobInfoScheduler:
    private static final java.lang.String LOG_TAG
    static final java.lang.String ATTEMPT_NUMBER
    static final java.lang.String BACKEND_NAME
    static final java.lang.String EVENT_PRIORITY
    static final java.lang.String EXTRAS
com.google.common.collect.AbstractIterator$State